<?xml version="1.0" encoding="UTF-8"?>
<coverage generated="1725874176797" clover="3.2.0">
  <project timestamp="1725874176797" name="All files">
    <metrics statements="31" coveredstatements="29" conditionals="29" coveredconditionals="17" methods="10" coveredmethods="9" elements="70" coveredelements="55" complexity="0" loc="31" ncloc="31" packages="4" files="12" classes="12"/>
    <package name="assets.images">
      <metrics statements="3" coveredstatements="3" conditionals="0" coveredconditionals="0" methods="0" coveredmethods="0"/>
      <file name="img-car.png" path="C:\FTPServer\Binar Academy\React Native\Final Project\car-rental-expo\assets\images\img-car.png">
        <metrics statements="1" coveredstatements="1" conditionals="0" coveredconditionals="0" methods="0" coveredmethods="0"/>
        <line num="1" count="1" type="stmt"/>
      </file>
      <file name="tmmin-logo-dark.png" path="C:\FTPServer\Binar Academy\React Native\Final Project\car-rental-expo\assets\images\tmmin-logo-dark.png">
        <metrics statements="1" coveredstatements="1" conditionals="0" coveredconditionals="0" methods="0" coveredmethods="0"/>
        <line num="1" count="4" type="stmt"/>
      </file>
      <file name="tmmin-logo-light.png" path="C:\FTPServer\Binar Academy\React Native\Final Project\car-rental-expo\assets\images\tmmin-logo-light.png">
        <metrics statements="1" coveredstatements="1" conditionals="0" coveredconditionals="0" methods="0" coveredmethods="0"/>
        <line num="1" count="4" type="stmt"/>
      </file>
    </package>
    <package name="components">
      <metrics statements="20" coveredstatements="19" conditionals="25" coveredconditionals="15" methods="9" coveredmethods="8"/>
      <file name="CarList.jsx" path="C:\FTPServer\Binar Academy\React Native\Final Project\car-rental-expo\components\CarList.jsx">
        <metrics statements="2" coveredstatements="2" conditionals="4" coveredconditionals="2" methods="1" coveredmethods="1"/>
        <line num="20" count="1" type="stmt"/>
        <line num="65" count="1" type="stmt"/>
      </file>
      <file name="FormatCurrency.jsx" path="C:\FTPServer\Binar Academy\React Native\Final Project\car-rental-expo\components\FormatCurrency.jsx">
        <metrics statements="2" coveredstatements="2" conditionals="0" coveredconditionals="0" methods="1" coveredmethods="1"/>
        <line num="4" count="2" type="stmt"/>
        <line num="9" count="2" type="stmt"/>
      </file>
      <file name="Grid.jsx" path="C:\FTPServer\Binar Academy\React Native\Final Project\car-rental-expo\components\Grid.jsx">
        <metrics statements="4" coveredstatements="3" conditionals="6" coveredconditionals="5" methods="3" coveredmethods="2"/>
        <line num="5" count="0" type="stmt"/>
        <line num="16" count="2" type="stmt"/>
        <line num="32" count="4" type="stmt"/>
        <line num="35" count="1" type="stmt"/>
      </file>
      <file name="Modal.jsx" path="C:\FTPServer\Binar Academy\React Native\Final Project\car-rental-expo\components\Modal.jsx">
        <metrics statements="1" coveredstatements="1" conditionals="0" coveredconditionals="0" methods="1" coveredmethods="1"/>
        <line num="6" count="1" type="stmt"/>
      </file>
      <file name="ThemedText.tsx" path="C:\FTPServer\Binar Academy\React Native\Final Project\car-rental-expo\components\ThemedText.tsx">
        <metrics statements="3" coveredstatements="3" conditionals="13" coveredconditionals="7" methods="1" coveredmethods="1"/>
        <line num="18" count="5" type="stmt"/>
        <line num="20" count="5" type="stmt"/>
        <line num="37" count="2" type="stmt"/>
      </file>
      <file name="ThemedTextInput.tsx" path="C:\FTPServer\Binar Academy\React Native\Final Project\car-rental-expo\components\ThemedTextInput.tsx">
        <metrics statements="4" coveredstatements="4" conditionals="0" coveredconditionals="0" methods="1" coveredmethods="1"/>
        <line num="16" count="1" type="stmt"/>
        <line num="17" count="1" type="stmt"/>
        <line num="18" count="1" type="stmt"/>
        <line num="31" count="1" type="stmt"/>
      </file>
      <file name="ThemedView.tsx" path="C:\FTPServer\Binar Academy\React Native\Final Project\car-rental-expo\components\ThemedView.tsx">
        <metrics statements="4" coveredstatements="4" conditionals="2" coveredconditionals="1" methods="1" coveredmethods="1"/>
        <line num="12" count="2" type="stmt"/>
        <line num="16" count="2" type="stmt"/>
        <line num="17" count="2" type="stmt"/>
        <line num="19" count="2" type="stmt"/>
      </file>
    </package>
    <package name="constants">
      <metrics statements="3" coveredstatements="3" conditionals="0" coveredconditionals="0" methods="0" coveredmethods="0"/>
      <file name="Colors.ts" path="C:\FTPServer\Binar Academy\React Native\Final Project\car-rental-expo\constants\Colors.ts">
        <metrics statements="3" coveredstatements="3" conditionals="0" coveredconditionals="0" methods="0" coveredmethods="0"/>
        <line num="6" count="4" type="stmt"/>
        <line num="7" count="4" type="stmt"/>
        <line num="9" count="4" type="stmt"/>
      </file>
    </package>
    <package name="hooks">
      <metrics statements="5" coveredstatements="4" conditionals="4" coveredconditionals="2" methods="1" coveredmethods="1"/>
      <file name="useThemeColor.ts" path="C:\FTPServer\Binar Academy\React Native\Final Project\car-rental-expo\hooks\useThemeColor.ts">
        <metrics statements="5" coveredstatements="4" conditionals="4" coveredconditionals="2" methods="1" coveredmethods="1"/>
        <line num="14" count="13" type="cond" truecount="1" falsecount="1"/>
        <line num="15" count="13" type="stmt"/>
        <line num="17" count="13" type="cond" truecount="1" falsecount="1"/>
        <line num="18" count="0" type="stmt"/>
        <line num="20" count="13" type="stmt"/>
      </file>
    </package>
  </project>
</coverage>
