{"C:\\FTPServer\\Binar Academy\\React Native\\Final Project\\car-rental-expo\\assets\\images\\img-car.png": {"path":"C:\\FTPServer\\Binar Academy\\React Native\\Final Project\\car-rental-expo\\assets\\images\\img-car.png","statementMap":{"0":{"start":{"line":1,"column":0},"end":{"line":1,"column":19}}},"fnMap":{},"branchMap":{},"s":{"0":1},"f":{},"b":{},"_coverageSchema":"1a1c01bbd47fc00a2c39e90264f33305004495a9","hash":"1b10beea9f73a09e89cee8ff8ffabc333131c2ab"}
,"C:\\FTPServer\\Binar Academy\\React Native\\Final Project\\car-rental-expo\\assets\\images\\tmmin-logo-dark.png": {"path":"C:\\FTPServer\\Binar Academy\\React Native\\Final Project\\car-rental-expo\\assets\\images\\tmmin-logo-dark.png","statementMap":{"0":{"start":{"line":1,"column":0},"end":{"line":1,"column":19}}},"fnMap":{},"branchMap":{},"s":{"0":4},"f":{},"b":{},"_coverageSchema":"1a1c01bbd47fc00a2c39e90264f33305004495a9","hash":"bfcb8689b0cd85942247624ce481b40764b510b9"}
,"C:\\FTPServer\\Binar Academy\\React Native\\Final Project\\car-rental-expo\\assets\\images\\tmmin-logo-light.png": {"path":"C:\\FTPServer\\Binar Academy\\React Native\\Final Project\\car-rental-expo\\assets\\images\\tmmin-logo-light.png","statementMap":{"0":{"start":{"line":1,"column":0},"end":{"line":1,"column":19}}},"fnMap":{},"branchMap":{},"s":{"0":4},"f":{},"b":{},"_coverageSchema":"1a1c01bbd47fc00a2c39e90264f33305004495a9","hash":"cfdf82eb4595b7407c8e37b532b26c4c2f27940b"}
,"C:\\FTPServer\\Binar Academy\\React Native\\Final Project\\car-rental-expo\\components\\CarList.jsx": {"path":"C:\\FTPServer\\Binar Academy\\React Native\\Final Project\\car-rental-expo\\components\\CarList.jsx","statementMap":{"0":{"start":{"line":20,"column":2},"end":{"line":62,"column":4}},"1":{"start":{"line":65,"column":15},"end":{"line":96,"column":2}}},"fnMap":{"0":{"name":"CarList","decl":{"start":{"line":9,"column":24},"end":{"line":9,"column":31}},"loc":{"start":{"line":19,"column":3},"end":{"line":63,"column":1}},"line":19}},"branchMap":{"0":{"loc":{"start":{"line":39,"column":13},"end":{"line":57,"column":13}},"type":"cond-expr","locations":[{"start":{"line":40,"column":14},"end":{"line":52,"column":17}},{"start":{"line":54,"column":14},"end":{"line":56,"column":27}}],"line":39},"1":{"loc":{"start":{"line":39,"column":13},"end":{"line":39,"column":39}},"type":"binary-expr","locations":[{"start":{"line":39,"column":13},"end":{"line":39,"column":30}},{"start":{"line":39,"column":34},"end":{"line":39,"column":39}}],"line":39}},"s":{"0":1,"1":1},"f":{"0":1},"b":{"0":[0,1],"1":[1,0]},"_coverageSchema":"1a1c01bbd47fc00a2c39e90264f33305004495a9","hash":"b4af88adcd4d40b8553d07f182e5842eccbec79d"}
,"C:\\FTPServer\\Binar Academy\\React Native\\Final Project\\car-rental-expo\\components\\FormatCurrency.jsx": {"path":"C:\\FTPServer\\Binar Academy\\React Native\\Final Project\\car-rental-expo\\components\\FormatCurrency.jsx","statementMap":{"0":{"start":{"line":4,"column":25},"end":{"line":7,"column":4}},"1":{"start":{"line":9,"column":2},"end":{"line":9,"column":39}}},"fnMap":{"0":{"name":"FormatCurrency","decl":{"start":{"line":3,"column":24},"end":{"line":3,"column":38}},"loc":{"start":{"line":3,"column":51},"end":{"line":10,"column":1}},"line":3}},"branchMap":{},"s":{"0":2,"1":2},"f":{"0":2},"b":{},"_coverageSchema":"1a1c01bbd47fc00a2c39e90264f33305004495a9","hash":"eb087c2515254463a5963219f4ed1b9f0df8264a"}
,"C:\\FTPServer\\Binar Academy\\React Native\\Final Project\\car-rental-expo\\components\\Grid.jsx": {"path":"C:\\FTPServer\\Binar Academy\\React Native\\Final Project\\car-rental-expo\\components\\Grid.jsx","statementMap":{"0":{"start":{"line":5,"column":2},"end":{"line":5,"column":75}},"1":{"start":{"line":16,"column":2},"end":{"line":28,"column":4}},"2":{"start":{"line":32,"column":2},"end":{"line":32,"column":72}},"3":{"start":{"line":35,"column":15},"end":{"line":45,"column":2}}},"fnMap":{"0":{"name":"Container","decl":{"start":{"line":4,"column":16},"end":{"line":4,"column":25}},"loc":{"start":{"line":4,"column":57},"end":{"line":6,"column":1}},"line":4},"1":{"name":"Row","decl":{"start":{"line":8,"column":16},"end":{"line":8,"column":19}},"loc":{"start":{"line":15,"column":3},"end":{"line":29,"column":1}},"line":15},"2":{"name":"Column","decl":{"start":{"line":31,"column":16},"end":{"line":31,"column":22}},"loc":{"start":{"line":31,"column":54},"end":{"line":33,"column":1}},"line":31}},"branchMap":{"0":{"loc":{"start":{"line":20,"column":20},"end":{"line":20,"column":56}},"type":"cond-expr","locations":[{"start":{"line":20,"column":33},"end":{"line":20,"column":43}},{"start":{"line":20,"column":46},"end":{"line":20,"column":56}}],"line":20},"1":{"loc":{"start":{"line":21,"column":24},"end":{"line":21,"column":70}},"type":"cond-expr","locations":[{"start":{"line":21,"column":41},"end":{"line":21,"column":55}},{"start":{"line":21,"column":58},"end":{"line":21,"column":70}}],"line":21},"2":{"loc":{"start":{"line":22,"column":13},"end":{"line":22,"column":26}},"type":"cond-expr","locations":[{"start":{"line":22,"column":19},"end":{"line":22,"column":22}},{"start":{"line":22,"column":25},"end":{"line":22,"column":26}}],"line":22}},"s":{"0":0,"1":2,"2":4,"3":1},"f":{"0":0,"1":2,"2":4},"b":{"0":[1,1],"1":[0,2],"2":[1,1]},"_coverageSchema":"1a1c01bbd47fc00a2c39e90264f33305004495a9","hash":"444ba58533ada5da8b9166102dc44332d5b0e937"}
,"C:\\FTPServer\\Binar Academy\\React Native\\Final Project\\car-rental-expo\\components\\Modal.jsx": {"path":"C:\\FTPServer\\Binar Academy\\React Native\\Final Project\\car-rental-expo\\components\\Modal.jsx","statementMap":{"0":{"start":{"line":6,"column":2},"end":{"line":19,"column":4}}},"fnMap":{"0":{"name":"ModalPopup","decl":{"start":{"line":5,"column":24},"end":{"line":5,"column":34}},"loc":{"start":{"line":5,"column":58},"end":{"line":20,"column":1}},"line":5}},"branchMap":{},"s":{"0":1},"f":{"0":1},"b":{},"_coverageSchema":"1a1c01bbd47fc00a2c39e90264f33305004495a9","hash":"08a57e042f818ea78446d8a8998b5b7f80b8b5f1"}
,"C:\\FTPServer\\Binar Academy\\React Native\\Final Project\\car-rental-expo\\components\\ThemedText.tsx": {"path":"C:\\FTPServer\\Binar Academy\\React Native\\Final Project\\car-rental-expo\\components\\ThemedText.tsx","statementMap":{"0":{"start":{"line":18,"column":16},"end":{"line":18,"column":77}},"1":{"start":{"line":20,"column":2},"end":{"line":34,"column":4}},"2":{"start":{"line":37,"column":15},"end":{"line":67,"column":2}}},"fnMap":{"0":{"name":"ThemedText","decl":{"start":{"line":11,"column":16},"end":{"line":11,"column":26}},"loc":{"start":{"line":17,"column":20},"end":{"line":35,"column":1}},"line":17}},"branchMap":{"0":{"loc":{"start":{"line":15,"column":2},"end":{"line":15,"column":18}},"type":"default-arg","locations":[{"start":{"line":15,"column":9},"end":{"line":15,"column":18}}],"line":15},"1":{"loc":{"start":{"line":24,"column":8},"end":{"line":24,"column":55}},"type":"cond-expr","locations":[{"start":{"line":24,"column":29},"end":{"line":24,"column":43}},{"start":{"line":24,"column":46},"end":{"line":24,"column":55}}],"line":24},"2":{"loc":{"start":{"line":25,"column":8},"end":{"line":25,"column":51}},"type":"cond-expr","locations":[{"start":{"line":25,"column":27},"end":{"line":25,"column":39}},{"start":{"line":25,"column":42},"end":{"line":25,"column":51}}],"line":25},"3":{"loc":{"start":{"line":26,"column":8},"end":{"line":26,"column":71}},"type":"cond-expr","locations":[{"start":{"line":26,"column":37},"end":{"line":26,"column":59}},{"start":{"line":26,"column":62},"end":{"line":26,"column":71}}],"line":26},"4":{"loc":{"start":{"line":27,"column":8},"end":{"line":27,"column":57}},"type":"cond-expr","locations":[{"start":{"line":27,"column":30},"end":{"line":27,"column":45}},{"start":{"line":27,"column":48},"end":{"line":27,"column":57}}],"line":27},"5":{"loc":{"start":{"line":28,"column":8},"end":{"line":28,"column":49}},"type":"cond-expr","locations":[{"start":{"line":28,"column":26},"end":{"line":28,"column":37}},{"start":{"line":28,"column":40},"end":{"line":28,"column":49}}],"line":28},"6":{"loc":{"start":{"line":29,"column":8},"end":{"line":29,"column":51}},"type":"cond-expr","locations":[{"start":{"line":29,"column":27},"end":{"line":29,"column":39}},{"start":{"line":29,"column":42},"end":{"line":29,"column":51}}],"line":29}},"s":{"0":5,"1":5,"2":2},"f":{"0":5},"b":{"0":[5],"1":[5,0],"2":[0,5],"3":[0,5],"4":[0,5],"5":[0,5],"6":[0,5]},"_coverageSchema":"1a1c01bbd47fc00a2c39e90264f33305004495a9","hash":"bcdc92fb836c2718e554a9fc95d1e854e4f3aa8b"}
,"C:\\FTPServer\\Binar Academy\\React Native\\Final Project\\car-rental-expo\\components\\ThemedTextInput.tsx": {"path":"C:\\FTPServer\\Binar Academy\\React Native\\Final Project\\car-rental-expo\\components\\ThemedTextInput.tsx","statementMap":{"0":{"start":{"line":16,"column":25},"end":{"line":16,"column":93}},"1":{"start":{"line":17,"column":18},"end":{"line":17,"column":79}},"2":{"start":{"line":18,"column":2},"end":{"line":28,"column":4}},"3":{"start":{"line":31,"column":15},"end":{"line":41,"column":2}}},"fnMap":{"0":{"name":"ThemedTextInput","decl":{"start":{"line":10,"column":16},"end":{"line":10,"column":31}},"loc":{"start":{"line":15,"column":25},"end":{"line":29,"column":1}},"line":15}},"branchMap":{},"s":{"0":1,"1":1,"2":1,"3":1},"f":{"0":1},"b":{},"_coverageSchema":"1a1c01bbd47fc00a2c39e90264f33305004495a9","hash":"45371b7a8908784a8df3e25a46ed55c769143328"}
,"C:\\FTPServer\\Binar Academy\\React Native\\Final Project\\car-rental-expo\\components\\ThemedView.tsx": {"path":"C:\\FTPServer\\Binar Academy\\React Native\\Final Project\\car-rental-expo\\components\\ThemedView.tsx","statementMap":{"0":{"start":{"line":12,"column":26},"end":{"line":15,"column":3}},"1":{"start":{"line":16,"column":22},"end":{"line":16,"column":90}},"2":{"start":{"line":17,"column":22},"end":{"line":17,"column":90}},"3":{"start":{"line":19,"column":2},"end":{"line":19,"column":97}}},"fnMap":{"0":{"name":"ThemedView","decl":{"start":{"line":11,"column":16},"end":{"line":11,"column":26}},"loc":{"start":{"line":11,"column":101},"end":{"line":20,"column":1}},"line":11}},"branchMap":{"0":{"loc":{"start":{"line":14,"column":4},"end":{"line":14,"column":44}},"type":"cond-expr","locations":[{"start":{"line":14,"column":13},"end":{"line":14,"column":29}},{"start":{"line":14,"column":32},"end":{"line":14,"column":44}}],"line":14}},"s":{"0":2,"1":2,"2":2,"3":2},"f":{"0":2},"b":{"0":[0,2]},"_coverageSchema":"1a1c01bbd47fc00a2c39e90264f33305004495a9","hash":"8363356c74ebeab0942270a4e5d725a51f34220b"}
,"C:\\FTPServer\\Binar Academy\\React Native\\Final Project\\car-rental-expo\\constants\\Colors.ts": {"path":"C:\\FTPServer\\Binar Academy\\React Native\\Final Project\\car-rental-expo\\constants\\Colors.ts","statementMap":{"0":{"start":{"line":6,"column":23},"end":{"line":6,"column":32}},"1":{"start":{"line":7,"column":22},"end":{"line":7,"column":28}},"2":{"start":{"line":9,"column":22},"end":{"line":38,"column":1}}},"fnMap":{},"branchMap":{},"s":{"0":4,"1":4,"2":4},"f":{},"b":{},"_coverageSchema":"1a1c01bbd47fc00a2c39e90264f33305004495a9","hash":"398578129042ecc9d3ee5405ea83fe67da9881ca"}
,"C:\\FTPServer\\Binar Academy\\React Native\\Final Project\\car-rental-expo\\hooks\\useThemeColor.ts": {"path":"C:\\FTPServer\\Binar Academy\\React Native\\Final Project\\car-rental-expo\\hooks\\useThemeColor.ts","statementMap":{"0":{"start":{"line":14,"column":16},"end":{"line":14,"column":43}},"1":{"start":{"line":15,"column":25},"end":{"line":15,"column":37}},"2":{"start":{"line":17,"column":2},"end":{"line":21,"column":3}},"3":{"start":{"line":18,"column":4},"end":{"line":18,"column":26}},"4":{"start":{"line":20,"column":4},"end":{"line":20,"column":36}}},"fnMap":{"0":{"name":"useThemeColor","decl":{"start":{"line":10,"column":16},"end":{"line":10,"column":29}},"loc":{"start":{"line":13,"column":2},"end":{"line":22,"column":1}},"line":13}},"branchMap":{"0":{"loc":{"start":{"line":14,"column":16},"end":{"line":14,"column":43}},"type":"binary-expr","locations":[{"start":{"line":14,"column":16},"end":{"line":14,"column":32}},{"start":{"line":14,"column":36},"end":{"line":14,"column":43}}],"line":14},"1":{"loc":{"start":{"line":17,"column":2},"end":{"line":21,"column":3}},"type":"if","locations":[{"start":{"line":17,"column":2},"end":{"line":21,"column":3}},{"start":{"line":19,"column":9},"end":{"line":21,"column":3}}],"line":17}},"s":{"0":13,"1":13,"2":13,"3":0,"4":13},"f":{"0":13},"b":{"0":[13,0],"1":[0,13]},"_coverageSchema":"1a1c01bbd47fc00a2c39e90264f33305004495a9","hash":"39f695c2aff28d871a1584d37269f8de3999a333"}
}
