TN:
SF:assets\images\img-car.png
FNF:0
FNH:0
DA:1,1
LF:1
LH:1
BRF:0
BRH:0
end_of_record
TN:
SF:assets\images\tmmin-logo-dark.png
FNF:0
FNH:0
DA:1,4
LF:1
LH:1
BRF:0
BRH:0
end_of_record
TN:
SF:assets\images\tmmin-logo-light.png
FNF:0
FNH:0
DA:1,4
LF:1
LH:1
BRF:0
BRH:0
end_of_record
TN:
SF:components\CarList.jsx
FN:9,CarList
FNF:1
FNH:1
FNDA:1,CarList
DA:20,1
DA:65,1
LF:2
LH:2
BRDA:39,0,0,0
BRDA:39,0,1,1
BRDA:39,1,0,1
BRDA:39,1,1,0
BRF:4
BRH:2
end_of_record
TN:
SF:components\FormatCurrency.jsx
FN:3,FormatCurrency
FNF:1
FNH:1
FNDA:2,FormatCurrency
DA:4,2
DA:9,2
LF:2
LH:2
BRF:0
BRH:0
end_of_record
TN:
SF:components\Grid.jsx
FN:4,Container
FN:8,Row
FN:31,Column
FNF:3
FNH:2
FNDA:0,Container
FNDA:2,Row
FNDA:4,Column
DA:5,0
DA:16,2
DA:32,4
DA:35,1
LF:4
LH:3
BRDA:20,0,0,1
BRDA:20,0,1,1
BRDA:21,1,0,0
BRDA:21,1,1,2
BRDA:22,2,0,1
BRDA:22,2,1,1
BRF:6
BRH:5
end_of_record
TN:
SF:components\Modal.jsx
FN:5,ModalPopup
FNF:1
FNH:1
FNDA:1,ModalPopup
DA:6,1
LF:1
LH:1
BRF:0
BRH:0
end_of_record
TN:
SF:components\ThemedText.tsx
FN:11,ThemedText
FNF:1
FNH:1
FNDA:5,ThemedText
DA:18,5
DA:20,5
DA:37,2
LF:3
LH:3
BRDA:15,0,0,5
BRDA:24,1,0,5
BRDA:24,1,1,0
BRDA:25,2,0,0
BRDA:25,2,1,5
BRDA:26,3,0,0
BRDA:26,3,1,5
BRDA:27,4,0,0
BRDA:27,4,1,5
BRDA:28,5,0,0
BRDA:28,5,1,5
BRDA:29,6,0,0
BRDA:29,6,1,5
BRF:13
BRH:7
end_of_record
TN:
SF:components\ThemedTextInput.tsx
FN:10,ThemedTextInput
FNF:1
FNH:1
FNDA:1,ThemedTextInput
DA:16,1
DA:17,1
DA:18,1
DA:31,1
LF:4
LH:4
BRF:0
BRH:0
end_of_record
TN:
SF:components\ThemedView.tsx
FN:11,ThemedView
FNF:1
FNH:1
FNDA:2,ThemedView
DA:12,2
DA:16,2
DA:17,2
DA:19,2
LF:4
LH:4
BRDA:14,0,0,0
BRDA:14,0,1,2
BRF:2
BRH:1
end_of_record
TN:
SF:constants\Colors.ts
FNF:0
FNH:0
DA:6,4
DA:7,4
DA:9,4
LF:3
LH:3
BRF:0
BRH:0
end_of_record
TN:
SF:hooks\useThemeColor.ts
FN:10,useThemeColor
FNF:1
FNH:1
FNDA:13,useThemeColor
DA:14,13
DA:15,13
DA:17,13
DA:18,0
DA:20,13
LF:5
LH:4
BRDA:14,0,0,13
BRDA:14,0,1,0
BRDA:17,1,0,0
BRDA:17,1,1,13
BRF:4
BRH:2
end_of_record
